{"/Users/leolacoste/Documents/YnovM2/Methodologie de tests/TP_Final/src/train-estimator.ts": {"path":"/Users/leolacoste/Documents/YnovM2/Methodologie de tests/TP_Final/src/train-estimator.ts","all":false,"statementMap":{"0":{"start":{"line":1,"column":0},"end":{"line":1,"column":8}},"1":{"start":{"line":2,"column":0},"end":{"line":2,"column":15}},"2":{"start":{"line":3,"column":0},"end":{"line":3,"column":15}},"3":{"start":{"line":4,"column":0},"end":{"line":4,"column":28}},"4":{"start":{"line":5,"column":0},"end":{"line":5,"column":14}},"5":{"start":{"line":6,"column":0},"end":{"line":6,"column":30}},"6":{"start":{"line":7,"column":0},"end":{"line":7,"column":0}},"7":{"start":{"line":8,"column":0},"end":{"line":8,"column":35}},"8":{"start":{"line":9,"column":0},"end":{"line":9,"column":62}},"9":{"start":{"line":10,"column":0},"end":{"line":10,"column":47}},"10":{"start":{"line":11,"column":0},"end":{"line":11,"column":15}},"11":{"start":{"line":12,"column":0},"end":{"line":12,"column":5}},"12":{"start":{"line":13,"column":0},"end":{"line":13,"column":0}},"13":{"start":{"line":14,"column":0},"end":{"line":14,"column":56}},"14":{"start":{"line":15,"column":0},"end":{"line":15,"column":67}},"15":{"start":{"line":16,"column":0},"end":{"line":16,"column":5}},"16":{"start":{"line":17,"column":0},"end":{"line":17,"column":0}},"17":{"start":{"line":18,"column":0},"end":{"line":18,"column":54}},"18":{"start":{"line":19,"column":0},"end":{"line":19,"column":73}},"19":{"start":{"line":20,"column":0},"end":{"line":20,"column":5}},"20":{"start":{"line":21,"column":0},"end":{"line":21,"column":0}},"21":{"start":{"line":22,"column":0},"end":{"line":22,"column":8}},"22":{"start":{"line":23,"column":0},"end":{"line":23,"column":33}},"23":{"start":{"line":24,"column":0},"end":{"line":24,"column":15}},"24":{"start":{"line":25,"column":0},"end":{"line":25,"column":33}},"25":{"start":{"line":26,"column":0},"end":{"line":26,"column":30}},"26":{"start":{"line":27,"column":0},"end":{"line":27,"column":28}},"27":{"start":{"line":28,"column":0},"end":{"line":28,"column":10}},"28":{"start":{"line":29,"column":0},"end":{"line":29,"column":10}},"29":{"start":{"line":30,"column":0},"end":{"line":30,"column":9}},"30":{"start":{"line":31,"column":0},"end":{"line":31,"column":7}},"31":{"start":{"line":32,"column":0},"end":{"line":32,"column":7}},"32":{"start":{"line":33,"column":0},"end":{"line":33,"column":61}},"33":{"start":{"line":34,"column":0},"end":{"line":34,"column":5}},"34":{"start":{"line":35,"column":0},"end":{"line":35,"column":0}},"35":{"start":{"line":36,"column":0},"end":{"line":36,"column":36}},"36":{"start":{"line":37,"column":0},"end":{"line":37,"column":60}},"37":{"start":{"line":38,"column":0},"end":{"line":38,"column":0}},"38":{"start":{"line":39,"column":0},"end":{"line":39,"column":30}},"39":{"start":{"line":40,"column":0},"end":{"line":40,"column":31}},"40":{"start":{"line":41,"column":0},"end":{"line":41,"column":5}},"41":{"start":{"line":42,"column":0},"end":{"line":42,"column":0}},"42":{"start":{"line":43,"column":0},"end":{"line":43,"column":47}},"43":{"start":{"line":44,"column":0},"end":{"line":44,"column":23}},"44":{"start":{"line":45,"column":0},"end":{"line":45,"column":35}},"45":{"start":{"line":46,"column":0},"end":{"line":46,"column":49}},"46":{"start":{"line":47,"column":0},"end":{"line":47,"column":34}},"47":{"start":{"line":48,"column":0},"end":{"line":48,"column":62}},"48":{"start":{"line":49,"column":0},"end":{"line":49,"column":7}},"49":{"start":{"line":50,"column":0},"end":{"line":50,"column":34}},"50":{"start":{"line":51,"column":0},"end":{"line":51,"column":17}},"51":{"start":{"line":52,"column":0},"end":{"line":52,"column":7}},"52":{"start":{"line":53,"column":0},"end":{"line":53,"column":16}},"53":{"start":{"line":54,"column":0},"end":{"line":54,"column":41}},"54":{"start":{"line":55,"column":0},"end":{"line":55,"column":41}},"55":{"start":{"line":56,"column":0},"end":{"line":56,"column":43}},"56":{"start":{"line":57,"column":0},"end":{"line":57,"column":41}},"57":{"start":{"line":58,"column":0},"end":{"line":58,"column":68}},"58":{"start":{"line":59,"column":0},"end":{"line":59,"column":44}},"59":{"start":{"line":60,"column":0},"end":{"line":60,"column":9}},"60":{"start":{"line":61,"column":0},"end":{"line":61,"column":14}},"61":{"start":{"line":62,"column":0},"end":{"line":62,"column":41}},"62":{"start":{"line":63,"column":0},"end":{"line":63,"column":7}},"63":{"start":{"line":64,"column":0},"end":{"line":64,"column":0}},"64":{"start":{"line":65,"column":0},"end":{"line":65,"column":36}},"65":{"start":{"line":66,"column":0},"end":{"line":66,"column":10}},"66":{"start":{"line":67,"column":0},"end":{"line":67,"column":46}},"67":{"start":{"line":68,"column":0},"end":{"line":68,"column":53}},"68":{"start":{"line":69,"column":0},"end":{"line":69,"column":9}},"69":{"start":{"line":70,"column":0},"end":{"line":70,"column":42}},"70":{"start":{"line":71,"column":0},"end":{"line":71,"column":17}},"71":{"start":{"line":72,"column":0},"end":{"line":72,"column":45}},"72":{"start":{"line":73,"column":0},"end":{"line":73,"column":57}},"73":{"start":{"line":74,"column":0},"end":{"line":74,"column":9}},"74":{"start":{"line":75,"column":0},"end":{"line":75,"column":52}},"75":{"start":{"line":76,"column":0},"end":{"line":76,"column":39}},"76":{"start":{"line":77,"column":0},"end":{"line":77,"column":110}},"77":{"start":{"line":78,"column":0},"end":{"line":78,"column":41}},"78":{"start":{"line":79,"column":0},"end":{"line":79,"column":53}},"79":{"start":{"line":80,"column":0},"end":{"line":80,"column":10}},"80":{"start":{"line":81,"column":0},"end":{"line":81,"column":77}},"81":{"start":{"line":82,"column":0},"end":{"line":82,"column":0}},"82":{"start":{"line":83,"column":0},"end":{"line":83,"column":105}},"83":{"start":{"line":84,"column":0},"end":{"line":84,"column":14}},"84":{"start":{"line":85,"column":0},"end":{"line":85,"column":36}},"85":{"start":{"line":86,"column":0},"end":{"line":86,"column":7}},"86":{"start":{"line":87,"column":0},"end":{"line":87,"column":0}},"87":{"start":{"line":88,"column":0},"end":{"line":88,"column":59}},"88":{"start":{"line":89,"column":0},"end":{"line":89,"column":24}},"89":{"start":{"line":90,"column":0},"end":{"line":90,"column":7}},"90":{"start":{"line":91,"column":0},"end":{"line":91,"column":0}},"91":{"start":{"line":92,"column":0},"end":{"line":92,"column":71}},"92":{"start":{"line":93,"column":0},"end":{"line":93,"column":24}},"93":{"start":{"line":94,"column":0},"end":{"line":94,"column":7}},"94":{"start":{"line":95,"column":0},"end":{"line":95,"column":0}},"95":{"start":{"line":96,"column":0},"end":{"line":96,"column":32}},"96":{"start":{"line":97,"column":0},"end":{"line":97,"column":33}},"97":{"start":{"line":98,"column":0},"end":{"line":98,"column":5}},"98":{"start":{"line":99,"column":0},"end":{"line":99,"column":0}},"99":{"start":{"line":100,"column":0},"end":{"line":100,"column":33}},"100":{"start":{"line":101,"column":0},"end":{"line":101,"column":32}},"101":{"start":{"line":102,"column":0},"end":{"line":102,"column":26}},"102":{"start":{"line":103,"column":0},"end":{"line":103,"column":51}},"103":{"start":{"line":104,"column":0},"end":{"line":104,"column":68}},"104":{"start":{"line":105,"column":0},"end":{"line":105,"column":31}},"105":{"start":{"line":106,"column":0},"end":{"line":106,"column":9}},"106":{"start":{"line":107,"column":0},"end":{"line":107,"column":37}},"107":{"start":{"line":108,"column":0},"end":{"line":108,"column":25}},"108":{"start":{"line":109,"column":0},"end":{"line":109,"column":9}},"109":{"start":{"line":110,"column":0},"end":{"line":110,"column":7}},"110":{"start":{"line":111,"column":0},"end":{"line":111,"column":38}},"111":{"start":{"line":112,"column":0},"end":{"line":112,"column":45}},"112":{"start":{"line":113,"column":0},"end":{"line":113,"column":7}},"113":{"start":{"line":114,"column":0},"end":{"line":114,"column":5}},"114":{"start":{"line":115,"column":0},"end":{"line":115,"column":0}},"115":{"start":{"line":116,"column":0},"end":{"line":116,"column":33}},"116":{"start":{"line":117,"column":0},"end":{"line":117,"column":36}},"117":{"start":{"line":118,"column":0},"end":{"line":118,"column":26}},"118":{"start":{"line":119,"column":0},"end":{"line":119,"column":51}},"119":{"start":{"line":120,"column":0},"end":{"line":120,"column":72}},"120":{"start":{"line":121,"column":0},"end":{"line":121,"column":35}},"121":{"start":{"line":122,"column":0},"end":{"line":122,"column":9}},"122":{"start":{"line":123,"column":0},"end":{"line":123,"column":37}},"123":{"start":{"line":124,"column":0},"end":{"line":124,"column":25}},"124":{"start":{"line":125,"column":0},"end":{"line":125,"column":9}},"125":{"start":{"line":126,"column":0},"end":{"line":126,"column":7}},"126":{"start":{"line":127,"column":0},"end":{"line":127,"column":42}},"127":{"start":{"line":128,"column":0},"end":{"line":128,"column":41}},"128":{"start":{"line":129,"column":0},"end":{"line":129,"column":7}},"129":{"start":{"line":130,"column":0},"end":{"line":130,"column":5}},"130":{"start":{"line":131,"column":0},"end":{"line":131,"column":0}},"131":{"start":{"line":132,"column":0},"end":{"line":132,"column":22}},"132":{"start":{"line":133,"column":0},"end":{"line":133,"column":3}},"133":{"start":{"line":134,"column":0},"end":{"line":134,"column":0}},"134":{"start":{"line":135,"column":0},"end":{"line":135,"column":56}},"135":{"start":{"line":136,"column":0},"end":{"line":136,"column":12}},"136":{"start":{"line":137,"column":0},"end":{"line":137,"column":7}},"137":{"start":{"line":138,"column":0},"end":{"line":138,"column":15}},"138":{"start":{"line":139,"column":0},"end":{"line":139,"column":22}},"139":{"start":{"line":140,"column":0},"end":{"line":140,"column":153}},"140":{"start":{"line":141,"column":0},"end":{"line":141,"column":11}},"141":{"start":{"line":142,"column":0},"end":{"line":142,"column":16}},"142":{"start":{"line":143,"column":0},"end":{"line":143,"column":20}},"143":{"start":{"line":144,"column":0},"end":{"line":144,"column":6}},"144":{"start":{"line":145,"column":0},"end":{"line":145,"column":3}},"145":{"start":{"line":146,"column":0},"end":{"line":146,"column":1}}},"s":{"0":1,"1":1,"2":1,"3":1,"4":1,"5":1,"6":1,"7":1,"8":1,"9":24,"10":1,"11":1,"12":23,"13":24,"14":1,"15":1,"16":22,"17":24,"18":1,"19":1,"20":21,"21":21,"22":21,"23":21,"24":21,"25":21,"26":21,"27":21,"28":21,"29":21,"30":21,"31":24,"32":1,"33":1,"34":20,"35":20,"36":20,"37":19,"38":24,"39":0,"40":0,"41":19,"42":19,"43":19,"44":19,"45":24,"46":26,"47":1,"48":1,"49":26,"50":1,"51":1,"52":24,"53":24,"54":3,"55":24,"56":8,"57":8,"58":4,"59":4,"60":21,"61":13,"62":13,"63":24,"64":24,"65":24,"66":24,"67":24,"68":26,"69":11,"70":26,"71":13,"72":13,"73":13,"74":2,"75":2,"76":2,"77":2,"78":2,"79":2,"80":2,"81":2,"82":2,"83":13,"84":11,"85":11,"86":24,"87":26,"88":1,"89":1,"90":24,"91":26,"92":2,"93":2,"94":24,"95":24,"96":24,"97":24,"98":18,"99":24,"100":5,"101":5,"102":5,"103":10,"104":6,"105":6,"106":10,"107":1,"108":1,"109":10,"110":5,"111":4,"112":4,"113":5,"114":18,"115":24,"116":12,"117":12,"118":12,"119":12,"120":1,"121":1,"122":12,"123":3,"124":3,"125":12,"126":12,"127":1,"128":1,"129":12,"130":18,"131":18,"132":18,"133":1,"134":1,"135":0,"136":0,"137":0,"138":0,"139":0,"140":0,"141":0,"142":0,"143":0,"144":0,"145":1},"branchMap":{"0":{"type":"branch","line":9,"loc":{"start":{"line":9,"column":2},"end":{"line":133,"column":3}},"locations":[{"start":{"line":9,"column":2},"end":{"line":133,"column":3}}]},"1":{"type":"branch","line":10,"loc":{"start":{"line":10,"column":46},"end":{"line":12,"column":5}},"locations":[{"start":{"line":10,"column":46},"end":{"line":12,"column":5}}]},"2":{"type":"branch","line":13,"loc":{"start":{"line":13,"column":-1},"end":{"line":14,"column":55}},"locations":[{"start":{"line":13,"column":-1},"end":{"line":14,"column":55}}]},"3":{"type":"branch","line":14,"loc":{"start":{"line":14,"column":55},"end":{"line":16,"column":5}},"locations":[{"start":{"line":14,"column":55},"end":{"line":16,"column":5}}]},"4":{"type":"branch","line":17,"loc":{"start":{"line":17,"column":-1},"end":{"line":18,"column":53}},"locations":[{"start":{"line":17,"column":-1},"end":{"line":18,"column":53}}]},"5":{"type":"branch","line":18,"loc":{"start":{"line":18,"column":53},"end":{"line":20,"column":5}},"locations":[{"start":{"line":18,"column":53},"end":{"line":20,"column":5}}]},"6":{"type":"branch","line":21,"loc":{"start":{"line":21,"column":-1},"end":{"line":31,"column":7}},"locations":[{"start":{"line":21,"column":-1},"end":{"line":31,"column":7}}]},"7":{"type":"branch","line":32,"loc":{"start":{"line":32,"column":6},"end":{"line":34,"column":5}},"locations":[{"start":{"line":32,"column":6},"end":{"line":34,"column":5}}]},"8":{"type":"branch","line":35,"loc":{"start":{"line":35,"column":-1},"end":{"line":37,"column":60}},"locations":[{"start":{"line":35,"column":-1},"end":{"line":37,"column":60}}]},"9":{"type":"branch","line":38,"loc":{"start":{"line":38,"column":-1},"end":{"line":39,"column":29}},"locations":[{"start":{"line":38,"column":-1},"end":{"line":39,"column":29}}]},"10":{"type":"branch","line":39,"loc":{"start":{"line":39,"column":29},"end":{"line":41,"column":5}},"locations":[{"start":{"line":39,"column":29},"end":{"line":41,"column":5}}]},"11":{"type":"branch","line":42,"loc":{"start":{"line":42,"column":-1},"end":{"line":46,"column":48}},"locations":[{"start":{"line":42,"column":-1},"end":{"line":46,"column":48}}]},"12":{"type":"branch","line":46,"loc":{"start":{"line":46,"column":48},"end":{"line":98,"column":5}},"locations":[{"start":{"line":46,"column":48},"end":{"line":98,"column":5}}]},"13":{"type":"branch","line":47,"loc":{"start":{"line":47,"column":33},"end":{"line":49,"column":7}},"locations":[{"start":{"line":47,"column":33},"end":{"line":49,"column":7}}]},"14":{"type":"branch","line":50,"loc":{"start":{"line":50,"column":-1},"end":{"line":50,"column":33}},"locations":[{"start":{"line":50,"column":-1},"end":{"line":50,"column":33}}]},"15":{"type":"branch","line":50,"loc":{"start":{"line":50,"column":33},"end":{"line":52,"column":7}},"locations":[{"start":{"line":50,"column":33},"end":{"line":52,"column":7}}]},"16":{"type":"branch","line":53,"loc":{"start":{"line":53,"column":-1},"end":{"line":68,"column":53}},"locations":[{"start":{"line":53,"column":-1},"end":{"line":68,"column":53}}]},"17":{"type":"branch","line":54,"loc":{"start":{"line":54,"column":40},"end":{"line":56,"column":13}},"locations":[{"start":{"line":54,"column":40},"end":{"line":56,"column":13}}]},"18":{"type":"branch","line":56,"loc":{"start":{"line":56,"column":7},"end":{"line":63,"column":7}},"locations":[{"start":{"line":56,"column":7},"end":{"line":63,"column":7}}]},"19":{"type":"branch","line":56,"loc":{"start":{"line":56,"column":42},"end":{"line":61,"column":13}},"locations":[{"start":{"line":56,"column":42},"end":{"line":61,"column":13}}]},"20":{"type":"branch","line":58,"loc":{"start":{"line":58,"column":67},"end":{"line":60,"column":9}},"locations":[{"start":{"line":58,"column":67},"end":{"line":60,"column":9}}]},"21":{"type":"branch","line":61,"loc":{"start":{"line":61,"column":7},"end":{"line":63,"column":7}},"locations":[{"start":{"line":61,"column":7},"end":{"line":63,"column":7}}]},"22":{"type":"branch","line":69,"loc":{"start":{"line":69,"column":8},"end":{"line":71,"column":13}},"locations":[{"start":{"line":69,"column":8},"end":{"line":71,"column":13}}]},"23":{"type":"branch","line":71,"loc":{"start":{"line":71,"column":7},"end":{"line":86,"column":7}},"locations":[{"start":{"line":71,"column":7},"end":{"line":86,"column":7}}]},"24":{"type":"branch","line":74,"loc":{"start":{"line":74,"column":8},"end":{"line":84,"column":13}},"locations":[{"start":{"line":74,"column":8},"end":{"line":84,"column":13}}]},"25":{"type":"branch","line":84,"loc":{"start":{"line":84,"column":7},"end":{"line":86,"column":7}},"locations":[{"start":{"line":84,"column":7},"end":{"line":86,"column":7}}]},"26":{"type":"branch","line":87,"loc":{"start":{"line":87,"column":-1},"end":{"line":88,"column":56}},"locations":[{"start":{"line":87,"column":-1},"end":{"line":88,"column":56}}]},"27":{"type":"branch","line":88,"loc":{"start":{"line":88,"column":58},"end":{"line":90,"column":7}},"locations":[{"start":{"line":88,"column":58},"end":{"line":90,"column":7}}]},"28":{"type":"branch","line":91,"loc":{"start":{"line":91,"column":-1},"end":{"line":92,"column":70}},"locations":[{"start":{"line":91,"column":-1},"end":{"line":92,"column":70}}]},"29":{"type":"branch","line":92,"loc":{"start":{"line":92,"column":70},"end":{"line":94,"column":7}},"locations":[{"start":{"line":92,"column":70},"end":{"line":94,"column":7}}]},"30":{"type":"branch","line":95,"loc":{"start":{"line":95,"column":-1},"end":{"line":98,"column":5}},"locations":[{"start":{"line":95,"column":-1},"end":{"line":98,"column":5}}]},"31":{"type":"branch","line":99,"loc":{"start":{"line":99,"column":-1},"end":{"line":100,"column":32}},"locations":[{"start":{"line":99,"column":-1},"end":{"line":100,"column":32}}]},"32":{"type":"branch","line":100,"loc":{"start":{"line":100,"column":32},"end":{"line":114,"column":5}},"locations":[{"start":{"line":100,"column":32},"end":{"line":114,"column":5}}]},"33":{"type":"branch","line":103,"loc":{"start":{"line":103,"column":50},"end":{"line":110,"column":7}},"locations":[{"start":{"line":103,"column":50},"end":{"line":110,"column":7}}]},"34":{"type":"branch","line":104,"loc":{"start":{"line":104,"column":67},"end":{"line":106,"column":9}},"locations":[{"start":{"line":104,"column":67},"end":{"line":106,"column":9}}]},"35":{"type":"branch","line":107,"loc":{"start":{"line":107,"column":36},"end":{"line":109,"column":9}},"locations":[{"start":{"line":107,"column":36},"end":{"line":109,"column":9}}]},"36":{"type":"branch","line":111,"loc":{"start":{"line":111,"column":37},"end":{"line":113,"column":7}},"locations":[{"start":{"line":111,"column":37},"end":{"line":113,"column":7}}]},"37":{"type":"branch","line":115,"loc":{"start":{"line":115,"column":-1},"end":{"line":116,"column":32}},"locations":[{"start":{"line":115,"column":-1},"end":{"line":116,"column":32}}]},"38":{"type":"branch","line":116,"loc":{"start":{"line":116,"column":32},"end":{"line":130,"column":5}},"locations":[{"start":{"line":116,"column":32},"end":{"line":130,"column":5}}]},"39":{"type":"branch","line":120,"loc":{"start":{"line":120,"column":71},"end":{"line":122,"column":9}},"locations":[{"start":{"line":120,"column":71},"end":{"line":122,"column":9}}]},"40":{"type":"branch","line":123,"loc":{"start":{"line":123,"column":36},"end":{"line":125,"column":9}},"locations":[{"start":{"line":123,"column":36},"end":{"line":125,"column":9}}]},"41":{"type":"branch","line":127,"loc":{"start":{"line":127,"column":27},"end":{"line":127,"column":39}},"locations":[{"start":{"line":127,"column":27},"end":{"line":127,"column":39}}]},"42":{"type":"branch","line":127,"loc":{"start":{"line":127,"column":41},"end":{"line":129,"column":7}},"locations":[{"start":{"line":127,"column":41},"end":{"line":129,"column":7}}]},"43":{"type":"branch","line":131,"loc":{"start":{"line":131,"column":-1},"end":{"line":133,"column":3}},"locations":[{"start":{"line":131,"column":-1},"end":{"line":133,"column":3}}]}},"b":{"0":[24],"1":[1],"2":[23],"3":[1],"4":[22],"5":[1],"6":[21],"7":[1],"8":[20],"9":[19],"10":[0],"11":[19],"12":[26],"13":[1],"14":[25],"15":[1],"16":[24],"17":[3],"18":[21],"19":[8],"20":[4],"21":[13],"22":[11],"23":[13],"24":[2],"25":[11],"26":[24],"27":[1],"28":[24],"29":[2],"30":[24],"31":[18],"32":[5],"33":[10],"34":[6],"35":[1],"36":[4],"37":[18],"38":[12],"39":[1],"40":[3],"41":[1],"42":[1],"43":[18]},"fnMap":{"0":{"name":"estimate","decl":{"start":{"line":9,"column":2},"end":{"line":133,"column":3}},"loc":{"start":{"line":9,"column":2},"end":{"line":133,"column":3}},"line":9},"1":{"name":"getPrices","decl":{"start":{"line":135,"column":12},"end":{"line":145,"column":3}},"loc":{"start":{"line":135,"column":12},"end":{"line":145,"column":3}},"line":135}},"f":{"0":24,"1":0}}
,"/Users/leolacoste/Documents/YnovM2/Methodologie de tests/TP_Final/src/model/trip.request.ts": {"path":"/Users/leolacoste/Documents/YnovM2/Methodologie de tests/TP_Final/src/model/trip.request.ts","all":false,"statementMap":{"0":{"start":{"line":1,"column":0},"end":{"line":1,"column":24}},"1":{"start":{"line":2,"column":0},"end":{"line":2,"column":75}},"2":{"start":{"line":3,"column":0},"end":{"line":3,"column":1}},"3":{"start":{"line":4,"column":0},"end":{"line":4,"column":0}},"4":{"start":{"line":5,"column":0},"end":{"line":5,"column":26}},"5":{"start":{"line":6,"column":0},"end":{"line":6,"column":82}},"6":{"start":{"line":7,"column":0},"end":{"line":7,"column":1}},"7":{"start":{"line":8,"column":0},"end":{"line":8,"column":0}},"8":{"start":{"line":9,"column":0},"end":{"line":9,"column":26}},"9":{"start":{"line":10,"column":0},"end":{"line":10,"column":82}},"10":{"start":{"line":11,"column":0},"end":{"line":11,"column":5}},"11":{"start":{"line":12,"column":0},"end":{"line":12,"column":1}},"12":{"start":{"line":13,"column":0},"end":{"line":13,"column":0}},"13":{"start":{"line":14,"column":0},"end":{"line":14,"column":54}},"14":{"start":{"line":15,"column":0},"end":{"line":15,"column":34}},"15":{"start":{"line":16,"column":0},"end":{"line":16,"column":23}},"16":{"start":{"line":17,"column":0},"end":{"line":17,"column":5}},"17":{"start":{"line":18,"column":0},"end":{"line":18,"column":1}},"18":{"start":{"line":19,"column":0},"end":{"line":19,"column":0}},"19":{"start":{"line":20,"column":0},"end":{"line":20,"column":41}},"20":{"start":{"line":21,"column":0},"end":{"line":21,"column":19}},"21":{"start":{"line":22,"column":0},"end":{"line":22,"column":27}},"22":{"start":{"line":23,"column":0},"end":{"line":23,"column":5}},"23":{"start":{"line":24,"column":0},"end":{"line":24,"column":1}},"24":{"start":{"line":25,"column":0},"end":{"line":25,"column":0}},"25":{"start":{"line":26,"column":0},"end":{"line":26,"column":26}},"26":{"start":{"line":27,"column":0},"end":{"line":27,"column":22}},"27":{"start":{"line":28,"column":0},"end":{"line":28,"column":31}},"28":{"start":{"line":29,"column":0},"end":{"line":29,"column":22}},"29":{"start":{"line":30,"column":0},"end":{"line":30,"column":30}},"30":{"start":{"line":31,"column":0},"end":{"line":31,"column":1}}},"s":{"0":1,"1":1,"2":1,"3":1,"4":1,"5":1,"6":1,"7":1,"8":1,"9":1,"10":24,"11":1,"12":1,"13":1,"14":1,"15":8,"16":8,"17":1,"18":1,"19":1,"20":1,"21":1,"22":1,"23":1,"24":1,"25":1,"26":1,"27":1,"28":1,"29":1,"30":1},"branchMap":{"0":{"type":"branch","line":2,"loc":{"start":{"line":2,"column":25},"end":{"line":2,"column":56}},"locations":[{"start":{"line":2,"column":25},"end":{"line":2,"column":56}}]},"1":{"type":"branch","line":2,"loc":{"start":{"line":2,"column":4},"end":{"line":2,"column":75}},"locations":[{"start":{"line":2,"column":4},"end":{"line":2,"column":75}}]},"2":{"type":"branch","line":6,"loc":{"start":{"line":6,"column":25},"end":{"line":6,"column":66}},"locations":[{"start":{"line":6,"column":25},"end":{"line":6,"column":66}}]},"3":{"type":"branch","line":6,"loc":{"start":{"line":6,"column":4},"end":{"line":6,"column":82}},"locations":[{"start":{"line":6,"column":4},"end":{"line":6,"column":82}}]},"4":{"type":"branch","line":10,"loc":{"start":{"line":10,"column":25},"end":{"line":10,"column":73}},"locations":[{"start":{"line":10,"column":25},"end":{"line":10,"column":73}}]},"5":{"type":"branch","line":10,"loc":{"start":{"line":10,"column":4},"end":{"line":11,"column":5}},"locations":[{"start":{"line":10,"column":4},"end":{"line":11,"column":5}}]},"6":{"type":"branch","line":15,"loc":{"start":{"line":15,"column":4},"end":{"line":17,"column":5}},"locations":[{"start":{"line":15,"column":4},"end":{"line":17,"column":5}}]},"7":{"type":"branch","line":21,"loc":{"start":{"line":21,"column":4},"end":{"line":23,"column":5}},"locations":[{"start":{"line":21,"column":4},"end":{"line":23,"column":5}}]},"8":{"type":"branch","line":26,"loc":{"start":{"line":26,"column":0},"end":{"line":31,"column":1}},"locations":[{"start":{"line":26,"column":0},"end":{"line":31,"column":1}}]}},"b":{"0":[30],"1":[30],"2":[24],"3":[24],"4":[24],"5":[24],"6":[8],"7":[1],"8":[1]},"fnMap":{"0":{"name":"<instance_members_initializer>","decl":{"start":{"line":2,"column":25},"end":{"line":2,"column":56}},"loc":{"start":{"line":2,"column":25},"end":{"line":2,"column":56}},"line":2},"1":{"name":"Passenger","decl":{"start":{"line":2,"column":4},"end":{"line":2,"column":75}},"loc":{"start":{"line":2,"column":4},"end":{"line":2,"column":75}},"line":2},"2":{"name":"<instance_members_initializer>","decl":{"start":{"line":6,"column":25},"end":{"line":6,"column":66}},"loc":{"start":{"line":6,"column":25},"end":{"line":6,"column":66}},"line":6},"3":{"name":"TripRequest","decl":{"start":{"line":6,"column":4},"end":{"line":6,"column":82}},"loc":{"start":{"line":6,"column":4},"end":{"line":6,"column":82}},"line":6},"4":{"name":"<instance_members_initializer>","decl":{"start":{"line":10,"column":25},"end":{"line":10,"column":73}},"loc":{"start":{"line":10,"column":25},"end":{"line":10,"column":73}},"line":10},"5":{"name":"TripDetails","decl":{"start":{"line":10,"column":4},"end":{"line":11,"column":5}},"loc":{"start":{"line":10,"column":4},"end":{"line":11,"column":5}},"line":10},"6":{"name":"InvalidTripInputException","decl":{"start":{"line":15,"column":4},"end":{"line":17,"column":5}},"loc":{"start":{"line":15,"column":4},"end":{"line":17,"column":5}},"line":15},"7":{"name":"ApiException","decl":{"start":{"line":21,"column":4},"end":{"line":23,"column":5}},"loc":{"start":{"line":21,"column":4},"end":{"line":23,"column":5}},"line":21}},"f":{"0":30,"1":30,"2":24,"3":24,"4":24,"5":24,"6":8,"7":1}}
}
