{"/Users/leolacoste/Documents/YnovM2/Methodologie de tests/TP_Final/src/train-estimator.ts": {"path":"/Users/leolacoste/Documents/YnovM2/Methodologie de tests/TP_Final/src/train-estimator.ts","all":false,"statementMap":{"0":{"start":{"line":1,"column":0},"end":{"line":1,"column":8}},"1":{"start":{"line":2,"column":0},"end":{"line":2,"column":15}},"2":{"start":{"line":3,"column":0},"end":{"line":3,"column":15}},"3":{"start":{"line":4,"column":0},"end":{"line":4,"column":28}},"4":{"start":{"line":5,"column":0},"end":{"line":5,"column":14}},"5":{"start":{"line":6,"column":0},"end":{"line":6,"column":30}},"6":{"start":{"line":7,"column":0},"end":{"line":7,"column":0}},"7":{"start":{"line":8,"column":0},"end":{"line":8,"column":35}},"8":{"start":{"line":9,"column":0},"end":{"line":9,"column":62}},"9":{"start":{"line":10,"column":0},"end":{"line":10,"column":47}},"10":{"start":{"line":11,"column":0},"end":{"line":11,"column":15}},"11":{"start":{"line":12,"column":0},"end":{"line":12,"column":5}},"12":{"start":{"line":13,"column":0},"end":{"line":13,"column":0}},"13":{"start":{"line":14,"column":0},"end":{"line":14,"column":56}},"14":{"start":{"line":15,"column":0},"end":{"line":15,"column":67}},"15":{"start":{"line":16,"column":0},"end":{"line":16,"column":5}},"16":{"start":{"line":17,"column":0},"end":{"line":17,"column":0}},"17":{"start":{"line":18,"column":0},"end":{"line":18,"column":54}},"18":{"start":{"line":19,"column":0},"end":{"line":19,"column":73}},"19":{"start":{"line":20,"column":0},"end":{"line":20,"column":5}},"20":{"start":{"line":21,"column":0},"end":{"line":21,"column":0}},"21":{"start":{"line":22,"column":0},"end":{"line":22,"column":8}},"22":{"start":{"line":23,"column":0},"end":{"line":23,"column":33}},"23":{"start":{"line":24,"column":0},"end":{"line":24,"column":15}},"24":{"start":{"line":25,"column":0},"end":{"line":25,"column":33}},"25":{"start":{"line":26,"column":0},"end":{"line":26,"column":30}},"26":{"start":{"line":27,"column":0},"end":{"line":27,"column":28}},"27":{"start":{"line":28,"column":0},"end":{"line":28,"column":10}},"28":{"start":{"line":29,"column":0},"end":{"line":29,"column":10}},"29":{"start":{"line":30,"column":0},"end":{"line":30,"column":9}},"30":{"start":{"line":31,"column":0},"end":{"line":31,"column":7}},"31":{"start":{"line":32,"column":0},"end":{"line":32,"column":7}},"32":{"start":{"line":33,"column":0},"end":{"line":33,"column":61}},"33":{"start":{"line":34,"column":0},"end":{"line":34,"column":5}},"34":{"start":{"line":35,"column":0},"end":{"line":35,"column":0}},"35":{"start":{"line":36,"column":0},"end":{"line":36,"column":36}},"36":{"start":{"line":37,"column":0},"end":{"line":37,"column":49}},"37":{"start":{"line":38,"column":0},"end":{"line":38,"column":0}},"38":{"start":{"line":39,"column":0},"end":{"line":39,"column":19}},"39":{"start":{"line":40,"column":0},"end":{"line":40,"column":31}},"40":{"start":{"line":41,"column":0},"end":{"line":41,"column":5}},"41":{"start":{"line":42,"column":0},"end":{"line":42,"column":0}},"42":{"start":{"line":43,"column":0},"end":{"line":43,"column":45}},"43":{"start":{"line":44,"column":0},"end":{"line":44,"column":16}},"44":{"start":{"line":45,"column":0},"end":{"line":45,"column":16}},"45":{"start":{"line":46,"column":0},"end":{"line":46,"column":47}},"46":{"start":{"line":47,"column":0},"end":{"line":47,"column":32}},"47":{"start":{"line":48,"column":0},"end":{"line":48,"column":62}},"48":{"start":{"line":49,"column":0},"end":{"line":49,"column":7}},"49":{"start":{"line":50,"column":0},"end":{"line":50,"column":32}},"50":{"start":{"line":51,"column":0},"end":{"line":51,"column":17}},"51":{"start":{"line":52,"column":0},"end":{"line":52,"column":7}},"52":{"start":{"line":53,"column":0},"end":{"line":53,"column":16}},"53":{"start":{"line":54,"column":0},"end":{"line":54,"column":39}},"54":{"start":{"line":55,"column":0},"end":{"line":55,"column":22}},"55":{"start":{"line":56,"column":0},"end":{"line":56,"column":41}},"56":{"start":{"line":57,"column":0},"end":{"line":57,"column":22}},"57":{"start":{"line":58,"column":0},"end":{"line":58,"column":66}},"58":{"start":{"line":59,"column":0},"end":{"line":59,"column":25}},"59":{"start":{"line":60,"column":0},"end":{"line":60,"column":9}},"60":{"start":{"line":61,"column":0},"end":{"line":61,"column":14}},"61":{"start":{"line":62,"column":0},"end":{"line":62,"column":22}},"62":{"start":{"line":63,"column":0},"end":{"line":63,"column":7}},"63":{"start":{"line":64,"column":0},"end":{"line":64,"column":0}},"64":{"start":{"line":65,"column":0},"end":{"line":65,"column":27}},"65":{"start":{"line":66,"column":0},"end":{"line":66,"column":79}},"66":{"start":{"line":67,"column":0},"end":{"line":67,"column":23}},"67":{"start":{"line":68,"column":0},"end":{"line":68,"column":17}},"68":{"start":{"line":69,"column":0},"end":{"line":69,"column":77}},"69":{"start":{"line":70,"column":0},"end":{"line":70,"column":9}},"70":{"start":{"line":71,"column":0},"end":{"line":71,"column":48}},"71":{"start":{"line":72,"column":0},"end":{"line":72,"column":33}},"72":{"start":{"line":73,"column":0},"end":{"line":73,"column":106}},"73":{"start":{"line":74,"column":0},"end":{"line":74,"column":63}},"74":{"start":{"line":75,"column":0},"end":{"line":75,"column":60}},"75":{"start":{"line":76,"column":0},"end":{"line":76,"column":0}},"76":{"start":{"line":77,"column":0},"end":{"line":77,"column":82}},"77":{"start":{"line":78,"column":0},"end":{"line":78,"column":14}},"78":{"start":{"line":79,"column":0},"end":{"line":79,"column":17}},"79":{"start":{"line":80,"column":0},"end":{"line":80,"column":7}},"80":{"start":{"line":81,"column":0},"end":{"line":81,"column":0}},"81":{"start":{"line":82,"column":0},"end":{"line":82,"column":55}},"82":{"start":{"line":83,"column":0},"end":{"line":83,"column":16}},"83":{"start":{"line":84,"column":0},"end":{"line":84,"column":7}},"84":{"start":{"line":85,"column":0},"end":{"line":85,"column":0}},"85":{"start":{"line":86,"column":0},"end":{"line":86,"column":69}},"86":{"start":{"line":87,"column":0},"end":{"line":87,"column":16}},"87":{"start":{"line":88,"column":0},"end":{"line":88,"column":7}},"88":{"start":{"line":89,"column":0},"end":{"line":89,"column":0}},"89":{"start":{"line":90,"column":0},"end":{"line":90,"column":17}},"90":{"start":{"line":91,"column":0},"end":{"line":91,"column":14}},"91":{"start":{"line":92,"column":0},"end":{"line":92,"column":5}},"92":{"start":{"line":93,"column":0},"end":{"line":93,"column":0}},"93":{"start":{"line":94,"column":0},"end":{"line":94,"column":31}},"94":{"start":{"line":95,"column":0},"end":{"line":95,"column":21}},"95":{"start":{"line":96,"column":0},"end":{"line":96,"column":21}},"96":{"start":{"line":97,"column":0},"end":{"line":97,"column":49}},"97":{"start":{"line":98,"column":0},"end":{"line":98,"column":66}},"98":{"start":{"line":99,"column":0},"end":{"line":99,"column":20}},"99":{"start":{"line":100,"column":0},"end":{"line":100,"column":9}},"100":{"start":{"line":101,"column":0},"end":{"line":101,"column":35}},"101":{"start":{"line":102,"column":0},"end":{"line":102,"column":20}},"102":{"start":{"line":103,"column":0},"end":{"line":103,"column":9}},"103":{"start":{"line":104,"column":0},"end":{"line":104,"column":7}},"104":{"start":{"line":105,"column":0},"end":{"line":105,"column":22}},"105":{"start":{"line":106,"column":0},"end":{"line":106,"column":27}},"106":{"start":{"line":107,"column":0},"end":{"line":107,"column":7}},"107":{"start":{"line":108,"column":0},"end":{"line":108,"column":5}},"108":{"start":{"line":109,"column":0},"end":{"line":109,"column":0}},"109":{"start":{"line":110,"column":0},"end":{"line":110,"column":31}},"110":{"start":{"line":111,"column":0},"end":{"line":111,"column":21}},"111":{"start":{"line":112,"column":0},"end":{"line":112,"column":21}},"112":{"start":{"line":113,"column":0},"end":{"line":113,"column":49}},"113":{"start":{"line":114,"column":0},"end":{"line":114,"column":70}},"114":{"start":{"line":115,"column":0},"end":{"line":115,"column":20}},"115":{"start":{"line":116,"column":0},"end":{"line":116,"column":9}},"116":{"start":{"line":117,"column":0},"end":{"line":117,"column":35}},"117":{"start":{"line":118,"column":0},"end":{"line":118,"column":20}},"118":{"start":{"line":119,"column":0},"end":{"line":119,"column":9}},"119":{"start":{"line":120,"column":0},"end":{"line":120,"column":7}},"120":{"start":{"line":121,"column":0},"end":{"line":121,"column":22}},"121":{"start":{"line":122,"column":0},"end":{"line":122,"column":23}},"122":{"start":{"line":123,"column":0},"end":{"line":123,"column":7}},"123":{"start":{"line":124,"column":0},"end":{"line":124,"column":5}},"124":{"start":{"line":125,"column":0},"end":{"line":125,"column":0}},"125":{"start":{"line":126,"column":0},"end":{"line":126,"column":15}},"126":{"start":{"line":127,"column":0},"end":{"line":127,"column":3}},"127":{"start":{"line":128,"column":0},"end":{"line":128,"column":0}},"128":{"start":{"line":129,"column":0},"end":{"line":129,"column":56}},"129":{"start":{"line":130,"column":0},"end":{"line":130,"column":12}},"130":{"start":{"line":131,"column":0},"end":{"line":131,"column":7}},"131":{"start":{"line":132,"column":0},"end":{"line":132,"column":15}},"132":{"start":{"line":133,"column":0},"end":{"line":133,"column":22}},"133":{"start":{"line":134,"column":0},"end":{"line":134,"column":153}},"134":{"start":{"line":135,"column":0},"end":{"line":135,"column":11}},"135":{"start":{"line":136,"column":0},"end":{"line":136,"column":16}},"136":{"start":{"line":137,"column":0},"end":{"line":137,"column":20}},"137":{"start":{"line":138,"column":0},"end":{"line":138,"column":6}},"138":{"start":{"line":139,"column":0},"end":{"line":139,"column":3}},"139":{"start":{"line":140,"column":0},"end":{"line":140,"column":1}}},"s":{"0":1,"1":1,"2":1,"3":1,"4":1,"5":1,"6":1,"7":1,"8":1,"9":14,"10":1,"11":1,"12":13,"13":14,"14":1,"15":1,"16":12,"17":14,"18":1,"19":1,"20":11,"21":11,"22":11,"23":11,"24":11,"25":11,"26":11,"27":11,"28":11,"29":11,"30":11,"31":14,"32":1,"33":1,"34":10,"35":10,"36":10,"37":9,"38":14,"39":0,"40":0,"41":9,"42":9,"43":9,"44":9,"45":9,"46":9,"47":1,"48":1,"49":9,"50":1,"51":1,"52":7,"53":7,"54":2,"55":7,"56":3,"57":3,"58":0,"59":0,"60":5,"61":2,"62":2,"63":7,"64":7,"65":9,"66":4,"67":9,"68":3,"69":3,"70":2,"71":2,"72":2,"73":2,"74":2,"75":2,"76":2,"77":3,"78":1,"79":1,"80":7,"81":9,"82":1,"83":1,"84":7,"85":9,"86":0,"87":0,"88":7,"89":7,"90":7,"91":7,"92":8,"93":14,"94":0,"95":0,"96":0,"97":0,"98":0,"99":0,"100":0,"101":0,"102":0,"103":0,"104":0,"105":0,"106":0,"107":0,"108":8,"109":8,"110":8,"111":8,"112":8,"113":8,"114":0,"115":0,"116":8,"117":3,"118":3,"119":8,"120":8,"121":0,"122":0,"123":8,"124":8,"125":8,"126":8,"127":1,"128":1,"129":0,"130":0,"131":0,"132":0,"133":0,"134":0,"135":0,"136":0,"137":0,"138":0,"139":1},"branchMap":{"0":{"type":"branch","line":9,"loc":{"start":{"line":9,"column":2},"end":{"line":127,"column":3}},"locations":[{"start":{"line":9,"column":2},"end":{"line":127,"column":3}}]},"1":{"type":"branch","line":10,"loc":{"start":{"line":10,"column":46},"end":{"line":12,"column":5}},"locations":[{"start":{"line":10,"column":46},"end":{"line":12,"column":5}}]},"2":{"type":"branch","line":13,"loc":{"start":{"line":13,"column":-1},"end":{"line":14,"column":55}},"locations":[{"start":{"line":13,"column":-1},"end":{"line":14,"column":55}}]},"3":{"type":"branch","line":14,"loc":{"start":{"line":14,"column":55},"end":{"line":16,"column":5}},"locations":[{"start":{"line":14,"column":55},"end":{"line":16,"column":5}}]},"4":{"type":"branch","line":17,"loc":{"start":{"line":17,"column":-1},"end":{"line":18,"column":53}},"locations":[{"start":{"line":17,"column":-1},"end":{"line":18,"column":53}}]},"5":{"type":"branch","line":18,"loc":{"start":{"line":18,"column":53},"end":{"line":20,"column":5}},"locations":[{"start":{"line":18,"column":53},"end":{"line":20,"column":5}}]},"6":{"type":"branch","line":21,"loc":{"start":{"line":21,"column":-1},"end":{"line":31,"column":7}},"locations":[{"start":{"line":21,"column":-1},"end":{"line":31,"column":7}}]},"7":{"type":"branch","line":32,"loc":{"start":{"line":32,"column":6},"end":{"line":34,"column":5}},"locations":[{"start":{"line":32,"column":6},"end":{"line":34,"column":5}}]},"8":{"type":"branch","line":35,"loc":{"start":{"line":35,"column":-1},"end":{"line":37,"column":49}},"locations":[{"start":{"line":35,"column":-1},"end":{"line":37,"column":49}}]},"9":{"type":"branch","line":38,"loc":{"start":{"line":38,"column":-1},"end":{"line":39,"column":18}},"locations":[{"start":{"line":38,"column":-1},"end":{"line":39,"column":18}}]},"10":{"type":"branch","line":39,"loc":{"start":{"line":39,"column":18},"end":{"line":41,"column":5}},"locations":[{"start":{"line":39,"column":18},"end":{"line":41,"column":5}}]},"11":{"type":"branch","line":42,"loc":{"start":{"line":42,"column":-1},"end":{"line":92,"column":5}},"locations":[{"start":{"line":42,"column":-1},"end":{"line":92,"column":5}}]},"12":{"type":"branch","line":47,"loc":{"start":{"line":47,"column":31},"end":{"line":49,"column":7}},"locations":[{"start":{"line":47,"column":31},"end":{"line":49,"column":7}}]},"13":{"type":"branch","line":50,"loc":{"start":{"line":50,"column":-1},"end":{"line":50,"column":31}},"locations":[{"start":{"line":50,"column":-1},"end":{"line":50,"column":31}}]},"14":{"type":"branch","line":50,"loc":{"start":{"line":50,"column":31},"end":{"line":52,"column":7}},"locations":[{"start":{"line":50,"column":31},"end":{"line":52,"column":7}}]},"15":{"type":"branch","line":53,"loc":{"start":{"line":53,"column":-1},"end":{"line":66,"column":78}},"locations":[{"start":{"line":53,"column":-1},"end":{"line":66,"column":78}}]},"16":{"type":"branch","line":54,"loc":{"start":{"line":54,"column":38},"end":{"line":56,"column":13}},"locations":[{"start":{"line":54,"column":38},"end":{"line":56,"column":13}}]},"17":{"type":"branch","line":56,"loc":{"start":{"line":56,"column":7},"end":{"line":63,"column":7}},"locations":[{"start":{"line":56,"column":7},"end":{"line":63,"column":7}}]},"18":{"type":"branch","line":56,"loc":{"start":{"line":56,"column":40},"end":{"line":61,"column":13}},"locations":[{"start":{"line":56,"column":40},"end":{"line":61,"column":13}}]},"19":{"type":"branch","line":58,"loc":{"start":{"line":58,"column":65},"end":{"line":60,"column":9}},"locations":[{"start":{"line":58,"column":65},"end":{"line":60,"column":9}}]},"20":{"type":"branch","line":61,"loc":{"start":{"line":61,"column":7},"end":{"line":63,"column":7}},"locations":[{"start":{"line":61,"column":7},"end":{"line":63,"column":7}}]},"21":{"type":"branch","line":66,"loc":{"start":{"line":66,"column":78},"end":{"line":68,"column":13}},"locations":[{"start":{"line":66,"column":78},"end":{"line":68,"column":13}}]},"22":{"type":"branch","line":68,"loc":{"start":{"line":68,"column":7},"end":{"line":80,"column":7}},"locations":[{"start":{"line":68,"column":7},"end":{"line":80,"column":7}}]},"23":{"type":"branch","line":70,"loc":{"start":{"line":70,"column":8},"end":{"line":78,"column":13}},"locations":[{"start":{"line":70,"column":8},"end":{"line":78,"column":13}}]},"24":{"type":"branch","line":78,"loc":{"start":{"line":78,"column":7},"end":{"line":80,"column":7}},"locations":[{"start":{"line":78,"column":7},"end":{"line":80,"column":7}}]},"25":{"type":"branch","line":81,"loc":{"start":{"line":81,"column":-1},"end":{"line":82,"column":52}},"locations":[{"start":{"line":81,"column":-1},"end":{"line":82,"column":52}}]},"26":{"type":"branch","line":82,"loc":{"start":{"line":82,"column":54},"end":{"line":84,"column":7}},"locations":[{"start":{"line":82,"column":54},"end":{"line":84,"column":7}}]},"27":{"type":"branch","line":85,"loc":{"start":{"line":85,"column":-1},"end":{"line":86,"column":68}},"locations":[{"start":{"line":85,"column":-1},"end":{"line":86,"column":68}}]},"28":{"type":"branch","line":86,"loc":{"start":{"line":86,"column":68},"end":{"line":88,"column":7}},"locations":[{"start":{"line":86,"column":68},"end":{"line":88,"column":7}}]},"29":{"type":"branch","line":89,"loc":{"start":{"line":89,"column":-1},"end":{"line":92,"column":5}},"locations":[{"start":{"line":89,"column":-1},"end":{"line":92,"column":5}}]},"30":{"type":"branch","line":93,"loc":{"start":{"line":93,"column":-1},"end":{"line":94,"column":30}},"locations":[{"start":{"line":93,"column":-1},"end":{"line":94,"column":30}}]},"31":{"type":"branch","line":94,"loc":{"start":{"line":94,"column":30},"end":{"line":108,"column":5}},"locations":[{"start":{"line":94,"column":30},"end":{"line":108,"column":5}}]},"32":{"type":"branch","line":109,"loc":{"start":{"line":109,"column":-1},"end":{"line":127,"column":3}},"locations":[{"start":{"line":109,"column":-1},"end":{"line":127,"column":3}}]},"33":{"type":"branch","line":114,"loc":{"start":{"line":114,"column":69},"end":{"line":116,"column":9}},"locations":[{"start":{"line":114,"column":69},"end":{"line":116,"column":9}}]},"34":{"type":"branch","line":117,"loc":{"start":{"line":117,"column":34},"end":{"line":119,"column":9}},"locations":[{"start":{"line":117,"column":34},"end":{"line":119,"column":9}}]},"35":{"type":"branch","line":121,"loc":{"start":{"line":121,"column":12},"end":{"line":121,"column":19}},"locations":[{"start":{"line":121,"column":12},"end":{"line":121,"column":19}}]},"36":{"type":"branch","line":121,"loc":{"start":{"line":121,"column":21},"end":{"line":123,"column":7}},"locations":[{"start":{"line":121,"column":21},"end":{"line":123,"column":7}}]}},"b":{"0":[14],"1":[1],"2":[13],"3":[1],"4":[12],"5":[1],"6":[11],"7":[1],"8":[10],"9":[9],"10":[0],"11":[9],"12":[1],"13":[8],"14":[1],"15":[7],"16":[2],"17":[5],"18":[3],"19":[0],"20":[2],"21":[4],"22":[3],"23":[2],"24":[1],"25":[7],"26":[1],"27":[7],"28":[0],"29":[7],"30":[8],"31":[0],"32":[8],"33":[0],"34":[3],"35":[0],"36":[0]},"fnMap":{"0":{"name":"estimate","decl":{"start":{"line":9,"column":2},"end":{"line":127,"column":3}},"loc":{"start":{"line":9,"column":2},"end":{"line":127,"column":3}},"line":9},"1":{"name":"getPrices","decl":{"start":{"line":129,"column":12},"end":{"line":139,"column":3}},"loc":{"start":{"line":129,"column":12},"end":{"line":139,"column":3}},"line":129}},"f":{"0":14,"1":0}}
,"/Users/leolacoste/Documents/YnovM2/Methodologie de tests/TP_Final/src/model/trip.request.ts": {"path":"/Users/leolacoste/Documents/YnovM2/Methodologie de tests/TP_Final/src/model/trip.request.ts","all":false,"statementMap":{"0":{"start":{"line":1,"column":0},"end":{"line":1,"column":24}},"1":{"start":{"line":2,"column":0},"end":{"line":2,"column":75}},"2":{"start":{"line":3,"column":0},"end":{"line":3,"column":1}},"3":{"start":{"line":4,"column":0},"end":{"line":4,"column":0}},"4":{"start":{"line":5,"column":0},"end":{"line":5,"column":26}},"5":{"start":{"line":6,"column":0},"end":{"line":6,"column":82}},"6":{"start":{"line":7,"column":0},"end":{"line":7,"column":1}},"7":{"start":{"line":8,"column":0},"end":{"line":8,"column":0}},"8":{"start":{"line":9,"column":0},"end":{"line":9,"column":26}},"9":{"start":{"line":10,"column":0},"end":{"line":10,"column":82}},"10":{"start":{"line":11,"column":0},"end":{"line":11,"column":5}},"11":{"start":{"line":12,"column":0},"end":{"line":12,"column":1}},"12":{"start":{"line":13,"column":0},"end":{"line":13,"column":0}},"13":{"start":{"line":14,"column":0},"end":{"line":14,"column":54}},"14":{"start":{"line":15,"column":0},"end":{"line":15,"column":34}},"15":{"start":{"line":16,"column":0},"end":{"line":16,"column":23}},"16":{"start":{"line":17,"column":0},"end":{"line":17,"column":5}},"17":{"start":{"line":18,"column":0},"end":{"line":18,"column":1}},"18":{"start":{"line":19,"column":0},"end":{"line":19,"column":0}},"19":{"start":{"line":20,"column":0},"end":{"line":20,"column":41}},"20":{"start":{"line":21,"column":0},"end":{"line":21,"column":19}},"21":{"start":{"line":22,"column":0},"end":{"line":22,"column":27}},"22":{"start":{"line":23,"column":0},"end":{"line":23,"column":5}},"23":{"start":{"line":24,"column":0},"end":{"line":24,"column":1}},"24":{"start":{"line":25,"column":0},"end":{"line":25,"column":0}},"25":{"start":{"line":26,"column":0},"end":{"line":26,"column":26}},"26":{"start":{"line":27,"column":0},"end":{"line":27,"column":22}},"27":{"start":{"line":28,"column":0},"end":{"line":28,"column":31}},"28":{"start":{"line":29,"column":0},"end":{"line":29,"column":22}},"29":{"start":{"line":30,"column":0},"end":{"line":30,"column":30}},"30":{"start":{"line":31,"column":0},"end":{"line":31,"column":1}}},"s":{"0":1,"1":1,"2":1,"3":1,"4":1,"5":1,"6":1,"7":1,"8":1,"9":1,"10":14,"11":1,"12":1,"13":1,"14":1,"15":8,"16":8,"17":1,"18":1,"19":1,"20":1,"21":1,"22":1,"23":1,"24":1,"25":1,"26":1,"27":1,"28":1,"29":1,"30":1},"branchMap":{"0":{"type":"branch","line":2,"loc":{"start":{"line":2,"column":25},"end":{"line":2,"column":56}},"locations":[{"start":{"line":2,"column":25},"end":{"line":2,"column":56}}]},"1":{"type":"branch","line":2,"loc":{"start":{"line":2,"column":4},"end":{"line":2,"column":75}},"locations":[{"start":{"line":2,"column":4},"end":{"line":2,"column":75}}]},"2":{"type":"branch","line":6,"loc":{"start":{"line":6,"column":25},"end":{"line":6,"column":66}},"locations":[{"start":{"line":6,"column":25},"end":{"line":6,"column":66}}]},"3":{"type":"branch","line":6,"loc":{"start":{"line":6,"column":4},"end":{"line":6,"column":82}},"locations":[{"start":{"line":6,"column":4},"end":{"line":6,"column":82}}]},"4":{"type":"branch","line":10,"loc":{"start":{"line":10,"column":25},"end":{"line":10,"column":73}},"locations":[{"start":{"line":10,"column":25},"end":{"line":10,"column":73}}]},"5":{"type":"branch","line":10,"loc":{"start":{"line":10,"column":4},"end":{"line":11,"column":5}},"locations":[{"start":{"line":10,"column":4},"end":{"line":11,"column":5}}]},"6":{"type":"branch","line":15,"loc":{"start":{"line":15,"column":4},"end":{"line":17,"column":5}},"locations":[{"start":{"line":15,"column":4},"end":{"line":17,"column":5}}]},"7":{"type":"branch","line":21,"loc":{"start":{"line":21,"column":4},"end":{"line":23,"column":5}},"locations":[{"start":{"line":21,"column":4},"end":{"line":23,"column":5}}]},"8":{"type":"branch","line":26,"loc":{"start":{"line":26,"column":0},"end":{"line":31,"column":1}},"locations":[{"start":{"line":26,"column":0},"end":{"line":31,"column":1}}]}},"b":{"0":[13],"1":[13],"2":[14],"3":[14],"4":[14],"5":[14],"6":[8],"7":[1],"8":[1]},"fnMap":{"0":{"name":"<instance_members_initializer>","decl":{"start":{"line":2,"column":25},"end":{"line":2,"column":56}},"loc":{"start":{"line":2,"column":25},"end":{"line":2,"column":56}},"line":2},"1":{"name":"Passenger","decl":{"start":{"line":2,"column":4},"end":{"line":2,"column":75}},"loc":{"start":{"line":2,"column":4},"end":{"line":2,"column":75}},"line":2},"2":{"name":"<instance_members_initializer>","decl":{"start":{"line":6,"column":25},"end":{"line":6,"column":66}},"loc":{"start":{"line":6,"column":25},"end":{"line":6,"column":66}},"line":6},"3":{"name":"TripRequest","decl":{"start":{"line":6,"column":4},"end":{"line":6,"column":82}},"loc":{"start":{"line":6,"column":4},"end":{"line":6,"column":82}},"line":6},"4":{"name":"<instance_members_initializer>","decl":{"start":{"line":10,"column":25},"end":{"line":10,"column":73}},"loc":{"start":{"line":10,"column":25},"end":{"line":10,"column":73}},"line":10},"5":{"name":"TripDetails","decl":{"start":{"line":10,"column":4},"end":{"line":11,"column":5}},"loc":{"start":{"line":10,"column":4},"end":{"line":11,"column":5}},"line":10},"6":{"name":"InvalidTripInputException","decl":{"start":{"line":15,"column":4},"end":{"line":17,"column":5}},"loc":{"start":{"line":15,"column":4},"end":{"line":17,"column":5}},"line":15},"7":{"name":"ApiException","decl":{"start":{"line":21,"column":4},"end":{"line":23,"column":5}},"loc":{"start":{"line":21,"column":4},"end":{"line":23,"column":5}},"line":21}},"f":{"0":13,"1":13,"2":14,"3":14,"4":14,"5":14,"6":8,"7":1}}
}
