TN:
SF:src/train-estimator.ts
FN:9,estimate
FN:129,getPrices
FNF:2
FNH:1
FNDA:14,estimate
FNDA:0,getPrices
DA:1,1
DA:2,1
DA:3,1
DA:4,1
DA:5,1
DA:6,1
DA:7,1
DA:8,1
DA:9,1
DA:10,14
DA:11,1
DA:12,1
DA:13,13
DA:14,14
DA:15,1
DA:16,1
DA:17,12
DA:18,14
DA:19,1
DA:20,1
DA:21,11
DA:22,11
DA:23,11
DA:24,11
DA:25,11
DA:26,11
DA:27,11
DA:28,11
DA:29,11
DA:30,11
DA:31,11
DA:32,14
DA:33,1
DA:34,1
DA:35,10
DA:36,10
DA:37,10
DA:38,9
DA:39,14
DA:40,0
DA:41,0
DA:42,9
DA:43,9
DA:44,9
DA:45,9
DA:46,9
DA:47,9
DA:48,1
DA:49,1
DA:50,9
DA:51,1
DA:52,1
DA:53,7
DA:54,7
DA:55,2
DA:56,7
DA:57,3
DA:58,3
DA:59,0
DA:60,0
DA:61,5
DA:62,2
DA:63,2
DA:64,7
DA:65,7
DA:66,9
DA:67,4
DA:68,9
DA:69,3
DA:70,3
DA:71,2
DA:72,2
DA:73,2
DA:74,2
DA:75,2
DA:76,2
DA:77,2
DA:78,3
DA:79,1
DA:80,1
DA:81,7
DA:82,9
DA:83,1
DA:84,1
DA:85,7
DA:86,9
DA:87,0
DA:88,0
DA:89,7
DA:90,7
DA:91,7
DA:92,7
DA:93,8
DA:94,14
DA:95,0
DA:96,0
DA:97,0
DA:98,0
DA:99,0
DA:100,0
DA:101,0
DA:102,0
DA:103,0
DA:104,0
DA:105,0
DA:106,0
DA:107,0
DA:108,0
DA:109,8
DA:110,8
DA:111,8
DA:112,8
DA:113,8
DA:114,8
DA:115,0
DA:116,0
DA:117,8
DA:118,3
DA:119,3
DA:120,8
DA:121,8
DA:122,0
DA:123,0
DA:124,8
DA:125,8
DA:126,8
DA:127,8
DA:128,1
DA:129,1
DA:130,0
DA:131,0
DA:132,0
DA:133,0
DA:134,0
DA:135,0
DA:136,0
DA:137,0
DA:138,0
DA:139,0
DA:140,1
LF:140
LH:106
BRDA:9,0,0,14
BRDA:10,1,0,1
BRDA:13,2,0,13
BRDA:14,3,0,1
BRDA:17,4,0,12
BRDA:18,5,0,1
BRDA:21,6,0,11
BRDA:32,7,0,1
BRDA:35,8,0,10
BRDA:38,9,0,9
BRDA:39,10,0,0
BRDA:42,11,0,9
BRDA:47,12,0,1
BRDA:50,13,0,8
BRDA:50,14,0,1
BRDA:53,15,0,7
BRDA:54,16,0,2
BRDA:56,17,0,5
BRDA:56,18,0,3
BRDA:58,19,0,0
BRDA:61,20,0,2
BRDA:66,21,0,4
BRDA:68,22,0,3
BRDA:70,23,0,2
BRDA:78,24,0,1
BRDA:81,25,0,7
BRDA:82,26,0,1
BRDA:85,27,0,7
BRDA:86,28,0,0
BRDA:89,29,0,7
BRDA:93,30,0,8
BRDA:94,31,0,0
BRDA:109,32,0,8
BRDA:114,33,0,0
BRDA:117,34,0,3
BRDA:121,35,0,0
BRDA:121,36,0,0
BRF:37
BRH:30
end_of_record
TN:
SF:src/model/trip.request.ts
FN:2,<instance_members_initializer>
FN:2,Passenger
FN:6,<instance_members_initializer>
FN:6,TripRequest
FN:10,<instance_members_initializer>
FN:10,TripDetails
FN:15,InvalidTripInputException
FN:21,ApiException
FNF:8
FNH:8
FNDA:13,<instance_members_initializer>
FNDA:13,Passenger
FNDA:14,<instance_members_initializer>
FNDA:14,TripRequest
FNDA:14,<instance_members_initializer>
FNDA:14,TripDetails
FNDA:8,InvalidTripInputException
FNDA:1,ApiException
DA:1,1
DA:2,1
DA:3,1
DA:4,1
DA:5,1
DA:6,1
DA:7,1
DA:8,1
DA:9,1
DA:10,1
DA:11,14
DA:12,1
DA:13,1
DA:14,1
DA:15,1
DA:16,8
DA:17,8
DA:18,1
DA:19,1
DA:20,1
DA:21,1
DA:22,1
DA:23,1
DA:24,1
DA:25,1
DA:26,1
DA:27,1
DA:28,1
DA:29,1
DA:30,1
DA:31,1
LF:31
LH:31
BRDA:2,0,0,13
BRDA:2,1,0,13
BRDA:6,2,0,14
BRDA:6,3,0,14
BRDA:10,4,0,14
BRDA:10,5,0,14
BRDA:15,6,0,8
BRDA:21,7,0,1
BRDA:26,8,0,1
BRF:9
BRH:9
end_of_record
