TN:
SF:src/train-estimator.ts
FN:9,estimate
FN:129,getPrices
FNF:2
FNH:1
FNDA:5,estimate
FNDA:0,getPrices
DA:1,1
DA:2,1
DA:3,1
DA:4,1
DA:5,1
DA:6,1
DA:7,1
DA:8,1
DA:9,1
DA:10,5
DA:11,1
DA:12,1
DA:13,4
DA:14,5
DA:15,1
DA:16,1
DA:17,3
DA:18,5
DA:19,1
DA:20,1
DA:21,2
DA:22,2
DA:23,2
DA:24,2
DA:25,2
DA:26,2
DA:27,2
DA:28,2
DA:29,2
DA:30,2
DA:31,2
DA:32,5
DA:33,1
DA:34,1
DA:35,1
DA:36,1
DA:37,1
DA:38,0
DA:39,0
DA:40,0
DA:41,0
DA:42,0
DA:43,0
DA:44,0
DA:45,0
DA:46,0
DA:47,0
DA:48,0
DA:49,0
DA:50,0
DA:51,0
DA:52,0
DA:53,0
DA:54,0
DA:55,0
DA:56,0
DA:57,0
DA:58,0
DA:59,0
DA:60,0
DA:61,0
DA:62,0
DA:63,0
DA:64,0
DA:65,0
DA:66,0
DA:67,0
DA:68,0
DA:69,0
DA:70,0
DA:71,0
DA:72,0
DA:73,0
DA:74,0
DA:75,0
DA:76,0
DA:77,0
DA:78,0
DA:79,0
DA:80,0
DA:81,0
DA:82,0
DA:83,0
DA:84,0
DA:85,0
DA:86,0
DA:87,0
DA:88,0
DA:89,0
DA:90,0
DA:91,0
DA:92,0
DA:93,0
DA:94,0
DA:95,0
DA:96,0
DA:97,0
DA:98,0
DA:99,0
DA:100,0
DA:101,0
DA:102,0
DA:103,0
DA:104,0
DA:105,0
DA:106,0
DA:107,0
DA:108,0
DA:109,0
DA:110,0
DA:111,0
DA:112,0
DA:113,0
DA:114,0
DA:115,0
DA:116,0
DA:117,0
DA:118,0
DA:119,0
DA:120,0
DA:121,0
DA:122,0
DA:123,0
DA:124,0
DA:125,0
DA:126,0
DA:127,0
DA:128,1
DA:129,1
DA:130,0
DA:131,0
DA:132,0
DA:133,0
DA:134,0
DA:135,0
DA:136,0
DA:137,0
DA:138,0
DA:139,0
DA:140,1
LF:140
LH:40
BRDA:9,0,0,5
BRDA:10,1,0,1
BRDA:13,2,0,4
BRDA:14,3,0,1
BRDA:17,4,0,3
BRDA:18,5,0,1
BRDA:21,6,0,2
BRDA:32,7,0,1
BRDA:38,8,0,0
BRF:9
BRH:8
end_of_record
TN:
SF:src/model/trip.request.ts
FN:2,<instance_members_initializer>
FN:2,Passenger
FN:6,<instance_members_initializer>
FN:6,TripRequest
FN:10,<instance_members_initializer>
FN:10,TripDetails
FN:15,InvalidTripInputException
FN:21,ApiException
FNF:8
FNH:8
FNDA:4,<instance_members_initializer>
FNDA:4,Passenger
FNDA:5,<instance_members_initializer>
FNDA:5,TripRequest
FNDA:5,<instance_members_initializer>
FNDA:5,TripDetails
FNDA:6,InvalidTripInputException
FNDA:1,ApiException
DA:1,1
DA:2,1
DA:3,1
DA:4,1
DA:5,1
DA:6,1
DA:7,1
DA:8,1
DA:9,1
DA:10,1
DA:11,5
DA:12,1
DA:13,1
DA:14,1
DA:15,1
DA:16,6
DA:17,6
DA:18,1
DA:19,1
DA:20,1
DA:21,1
DA:22,1
DA:23,1
DA:24,1
DA:25,1
DA:26,1
DA:27,1
DA:28,1
DA:29,1
DA:30,1
DA:31,1
LF:31
LH:31
BRDA:2,0,0,4
BRDA:2,1,0,4
BRDA:6,2,0,5
BRDA:6,3,0,5
BRDA:10,4,0,5
BRDA:10,5,0,5
BRDA:15,6,0,6
BRDA:21,7,0,1
BRDA:26,8,0,1
BRF:9
BRH:9
end_of_record
